{"level":"info","message":"AppController {}:, RoutesResolver","timestamp":"2021-08-04T00:34:02.730Z"}
{"level":"info","message":"Mapped {, GET} route, RouterExplorer","timestamp":"2021-08-04T00:34:02.735Z"}
{"level":"info","message":"Mapped {/crawler, GET} route, RouterExplorer","timestamp":"2021-08-04T00:34:02.737Z"}
{"level":"info","message":"Mapped {/scraiping, GET} route, RouterExplorer","timestamp":"2021-08-04T00:34:02.738Z"}
{"level":"info","message":"Mapped {/horse-scraiping, GET} route, RouterExplorer","timestamp":"2021-08-04T00:34:02.741Z"}
{"level":"info","message":"Nest application successfully started, NestApplication","timestamp":"2021-08-04T00:34:02.754Z"}
{"level":"info","message":"AppController {}:, RoutesResolver","timestamp":"2021-08-04T00:34:27.951Z"}
{"level":"info","message":"Mapped {, GET} route, RouterExplorer","timestamp":"2021-08-04T00:34:27.957Z"}
{"level":"info","message":"Mapped {/crawler, GET} route, RouterExplorer","timestamp":"2021-08-04T00:34:27.959Z"}
{"level":"info","message":"Mapped {/scraiping, GET} route, RouterExplorer","timestamp":"2021-08-04T00:34:27.960Z"}
{"level":"info","message":"Mapped {/horse-scraiping, GET} route, RouterExplorer","timestamp":"2021-08-04T00:34:27.963Z"}
{"level":"info","message":"Nest application successfully started, NestApplication","timestamp":"2021-08-04T00:34:27.978Z"}
{"level":"info","message":"AppController {}:, RoutesResolver","timestamp":"2021-08-04T00:34:34.346Z"}
{"level":"info","message":"Mapped {, GET} route, RouterExplorer","timestamp":"2021-08-04T00:34:34.352Z"}
{"level":"info","message":"Mapped {/crawler, GET} route, RouterExplorer","timestamp":"2021-08-04T00:34:34.354Z"}
{"level":"info","message":"Mapped {/scraiping, GET} route, RouterExplorer","timestamp":"2021-08-04T00:34:34.355Z"}
{"level":"info","message":"Mapped {/horse-scraiping, GET} route, RouterExplorer","timestamp":"2021-08-04T00:34:34.358Z"}
{"level":"info","message":"Nest application successfully started, NestApplication","timestamp":"2021-08-04T00:34:34.374Z"}
{"level":"info","message":"AppController {}:, RoutesResolver","timestamp":"2021-08-04T00:34:37.558Z"}
{"level":"info","message":"Mapped {, GET} route, RouterExplorer","timestamp":"2021-08-04T00:34:37.566Z"}
{"level":"info","message":"Mapped {/crawler, GET} route, RouterExplorer","timestamp":"2021-08-04T00:34:37.568Z"}
{"level":"info","message":"Mapped {/scraiping, GET} route, RouterExplorer","timestamp":"2021-08-04T00:34:37.570Z"}
{"level":"info","message":"Mapped {/horse-scraiping, GET} route, RouterExplorer","timestamp":"2021-08-04T00:34:37.572Z"}
{"level":"info","message":"Nest application successfully started, NestApplication","timestamp":"2021-08-04T00:34:37.587Z"}
{"level":"info","message":"AppController {}:, RoutesResolver","timestamp":"2021-08-04T00:34:41.996Z"}
{"level":"info","message":"Mapped {, GET} route, RouterExplorer","timestamp":"2021-08-04T00:34:42.002Z"}
{"level":"info","message":"Mapped {/crawler, GET} route, RouterExplorer","timestamp":"2021-08-04T00:34:42.004Z"}
{"level":"info","message":"Mapped {/scraiping, GET} route, RouterExplorer","timestamp":"2021-08-04T00:34:42.005Z"}
{"level":"info","message":"Mapped {/horse-scraiping, GET} route, RouterExplorer","timestamp":"2021-08-04T00:34:42.008Z"}
{"level":"info","message":"Nest application successfully started, NestApplication","timestamp":"2021-08-04T00:34:42.022Z"}
{"level":"info","message":"AppController {}:, RoutesResolver","timestamp":"2021-08-04T00:34:45.054Z"}
{"level":"info","message":"Mapped {, GET} route, RouterExplorer","timestamp":"2021-08-04T00:34:45.059Z"}
{"level":"info","message":"Mapped {/crawler, GET} route, RouterExplorer","timestamp":"2021-08-04T00:34:45.060Z"}
{"level":"info","message":"Mapped {/scraiping, GET} route, RouterExplorer","timestamp":"2021-08-04T00:34:45.062Z"}
{"level":"info","message":"Mapped {/horse-scraiping, GET} route, RouterExplorer","timestamp":"2021-08-04T00:34:45.064Z"}
{"level":"info","message":"Nest application successfully started, NestApplication","timestamp":"2021-08-04T00:34:45.080Z"}
{"level":"info","message":"AppController {}:, RoutesResolver","timestamp":"2021-08-04T00:35:07.315Z"}
{"level":"info","message":"Mapped {, GET} route, RouterExplorer","timestamp":"2021-08-04T00:35:07.320Z"}
{"level":"info","message":"Mapped {/crawler, GET} route, RouterExplorer","timestamp":"2021-08-04T00:35:07.322Z"}
{"level":"info","message":"Mapped {/scraiping, GET} route, RouterExplorer","timestamp":"2021-08-04T00:35:07.324Z"}
{"level":"info","message":"Mapped {/horse-scraiping, GET} route, RouterExplorer","timestamp":"2021-08-04T00:35:07.326Z"}
{"level":"info","message":"Nest application successfully started, NestApplication","timestamp":"2021-08-04T00:35:07.340Z"}
{"level":"info","message":"AppController {}:, RoutesResolver","timestamp":"2021-08-04T00:35:09.639Z"}
{"level":"info","message":"AppController {}:, RoutesResolver","timestamp":"2021-08-04T00:35:10.944Z"}
{"level":"info","message":"Mapped {, GET} route, RouterExplorer","timestamp":"2021-08-04T00:35:10.950Z"}
{"level":"info","message":"Mapped {/crawler, GET} route, RouterExplorer","timestamp":"2021-08-04T00:35:10.951Z"}
{"level":"info","message":"Mapped {/scraiping, GET} route, RouterExplorer","timestamp":"2021-08-04T00:35:10.953Z"}
{"level":"info","message":"Mapped {/horse-scraiping, GET} route, RouterExplorer","timestamp":"2021-08-04T00:35:10.955Z"}
{"level":"info","message":"Nest application successfully started, NestApplication","timestamp":"2021-08-04T00:35:10.972Z"}
{"level":"info","message":"AppController {}:, RoutesResolver","timestamp":"2021-08-04T00:36:37.031Z"}
{"level":"info","message":"Mapped {, GET} route, RouterExplorer","timestamp":"2021-08-04T00:36:37.037Z"}
{"level":"info","message":"Mapped {/crawler, GET} route, RouterExplorer","timestamp":"2021-08-04T00:36:37.038Z"}
{"level":"info","message":"Mapped {/scraiping, GET} route, RouterExplorer","timestamp":"2021-08-04T00:36:37.039Z"}
{"level":"info","message":"Mapped {/horse-scraiping, GET} route, RouterExplorer","timestamp":"2021-08-04T00:36:37.041Z"}
{"level":"info","message":"Nest application successfully started, NestApplication","timestamp":"2021-08-04T00:36:37.056Z"}
{"level":"info","message":"AppController {}:, RoutesResolver","timestamp":"2021-08-04T00:37:21.680Z"}
{"level":"info","message":"Mapped {, GET} route, RouterExplorer","timestamp":"2021-08-04T00:37:21.686Z"}
{"level":"info","message":"Mapped {/crawler, GET} route, RouterExplorer","timestamp":"2021-08-04T00:37:21.688Z"}
{"level":"info","message":"Mapped {/scraiping, GET} route, RouterExplorer","timestamp":"2021-08-04T00:37:21.690Z"}
{"level":"info","message":"Mapped {/horse-scraiping, GET} route, RouterExplorer","timestamp":"2021-08-04T00:37:21.693Z"}
{"level":"info","message":"Nest application successfully started, NestApplication","timestamp":"2021-08-04T00:37:21.710Z"}
{"level":"info","message":"AppController {}:, RoutesResolver","timestamp":"2021-08-04T00:47:38.934Z"}
{"level":"info","message":"Mapped {, GET} route, RouterExplorer","timestamp":"2021-08-04T00:47:38.940Z"}
{"level":"info","message":"Nest application successfully started, NestApplication","timestamp":"2021-08-04T00:47:38.947Z"}
{"level":"info","message":"AppController {}:, RoutesResolver","timestamp":"2021-08-04T00:48:26.213Z"}
{"level":"info","message":"Mapped {, GET} route, RouterExplorer","timestamp":"2021-08-04T00:48:26.218Z"}
{"level":"info","message":"Nest application successfully started, NestApplication","timestamp":"2021-08-04T00:48:26.225Z"}
{"level":"info","message":"AppController {}:, RoutesResolver","timestamp":"2021-08-04T00:48:36.454Z"}
{"level":"info","message":"Mapped {, GET} route, RouterExplorer","timestamp":"2021-08-04T00:48:36.459Z"}
{"level":"info","message":"Nest application successfully started, NestApplication","timestamp":"2021-08-04T00:48:36.465Z"}
{"level":"info","message":"AppController {}:, RoutesResolver","timestamp":"2021-08-04T00:55:34.106Z"}
{"level":"info","message":"Mapped {, GET} route, RouterExplorer","timestamp":"2021-08-04T00:55:34.112Z"}
{"level":"info","message":"Nest application successfully started, NestApplication","timestamp":"2021-08-04T00:55:34.121Z"}
{"level":"info","message":"AppController {}:, RoutesResolver","timestamp":"2021-08-04T00:56:02.407Z"}
{"level":"info","message":"Mapped {, GET} route, RouterExplorer","timestamp":"2021-08-04T00:56:02.413Z"}
{"level":"info","message":"Nest application successfully started, NestApplication","timestamp":"2021-08-04T00:56:02.421Z"}
{"level":"info","message":"AppController {}:, RoutesResolver","timestamp":"2021-08-04T00:58:29.704Z"}
{"level":"info","message":"Mapped {, GET} route, RouterExplorer","timestamp":"2021-08-04T00:58:29.709Z"}
{"level":"info","message":"Nest application successfully started, NestApplication","timestamp":"2021-08-04T00:58:29.716Z"}
{"level":"info","message":"AppController {}:, RoutesResolver","timestamp":"2021-08-04T00:58:39.316Z"}
{"level":"info","message":"Mapped {, GET} route, RouterExplorer","timestamp":"2021-08-04T00:58:39.323Z"}
{"level":"info","message":"Nest application successfully started, NestApplication","timestamp":"2021-08-04T00:58:39.332Z"}
{"level":"info","message":"AppController {}:, RoutesResolver","timestamp":"2021-08-04T00:58:58.516Z"}
{"level":"info","message":"Mapped {, GET} route, RouterExplorer","timestamp":"2021-08-04T00:58:58.523Z"}
{"level":"info","message":"Nest application successfully started, NestApplication","timestamp":"2021-08-04T00:58:58.532Z"}
{"level":"info","message":"AppController {}:, RoutesResolver","timestamp":"2021-08-04T00:59:29.078Z"}
{"level":"info","message":"Mapped {, GET} route, RouterExplorer","timestamp":"2021-08-04T00:59:29.088Z"}
{"level":"info","message":"Nest application successfully started, NestApplication","timestamp":"2021-08-04T00:59:29.096Z"}
{"level":"info","message":"AppController {}:, RoutesResolver","timestamp":"2021-08-04T01:00:05.510Z"}
{"level":"info","message":"Mapped {, GET} route, RouterExplorer","timestamp":"2021-08-04T01:00:05.516Z"}
{"level":"info","message":"Nest application successfully started, NestApplication","timestamp":"2021-08-04T01:00:05.525Z"}
{"level":"info","message":"AppController {}:, RoutesResolver","timestamp":"2021-08-04T01:00:07.613Z"}
{"level":"info","message":"Mapped {, GET} route, RouterExplorer","timestamp":"2021-08-04T01:00:07.618Z"}
{"level":"info","message":"Nest application successfully started, NestApplication","timestamp":"2021-08-04T01:00:07.625Z"}
{"level":"info","message":"AppController {}:, RoutesResolver","timestamp":"2021-08-04T01:00:27.810Z"}
{"level":"info","message":"Mapped {, GET} route, RouterExplorer","timestamp":"2021-08-04T01:00:27.815Z"}
{"level":"info","message":"Nest application successfully started, NestApplication","timestamp":"2021-08-04T01:00:27.821Z"}
{"level":"info","message":"AppController {}:, RoutesResolver","timestamp":"2021-08-04T01:00:29.684Z"}
{"level":"info","message":"Mapped {, GET} route, RouterExplorer","timestamp":"2021-08-04T01:00:29.689Z"}
{"level":"info","message":"Nest application successfully started, NestApplication","timestamp":"2021-08-04T01:00:29.695Z"}
{"level":"info","message":"AppController {}:, RoutesResolver","timestamp":"2021-08-04T01:01:01.595Z"}
{"level":"info","message":"Mapped {, GET} route, RouterExplorer","timestamp":"2021-08-04T01:01:01.600Z"}
{"level":"info","message":"Nest application successfully started, NestApplication","timestamp":"2021-08-04T01:01:01.608Z"}
{"level":"info","message":"AppController {}:, RoutesResolver","timestamp":"2021-08-04T01:03:24.256Z"}
{"level":"info","message":"Mapped {, GET} route, RouterExplorer","timestamp":"2021-08-04T01:03:24.261Z"}
{"level":"info","message":"Nest application successfully started, NestApplication","timestamp":"2021-08-04T01:03:24.268Z"}
{"level":"info","message":"AppController {}:, RoutesResolver","timestamp":"2021-08-04T01:03:26.033Z"}
{"level":"info","message":"Mapped {, GET} route, RouterExplorer","timestamp":"2021-08-04T01:03:26.045Z"}
{"level":"info","message":"Nest application successfully started, NestApplication","timestamp":"2021-08-04T01:03:26.055Z"}
{"level":"info","message":"AppController {}:, RoutesResolver","timestamp":"2021-08-04T02:29:03.025Z"}
{"level":"info","message":"Mapped {/auth/login, POST} route, RouterExplorer","timestamp":"2021-08-04T02:29:03.035Z"}
{"level":"info","message":"Mapped {, GET} route, RouterExplorer","timestamp":"2021-08-04T02:29:03.037Z"}
{"level":"info","message":"Nest application successfully started, NestApplication","timestamp":"2021-08-04T02:29:03.046Z"}
{"level":"info","message":"AppController {}:, RoutesResolver","timestamp":"2021-08-04T02:30:20.264Z"}
{"level":"info","message":"Mapped {/auth/login, POST} route, RouterExplorer","timestamp":"2021-08-04T02:30:20.270Z"}
{"level":"info","message":"Mapped {, GET} route, RouterExplorer","timestamp":"2021-08-04T02:30:20.271Z"}
{"level":"info","message":"Nest application successfully started, NestApplication","timestamp":"2021-08-04T02:30:20.280Z"}
{"level":"info","message":"AppController {}:, RoutesResolver","timestamp":"2021-08-04T02:31:25.308Z"}
{"level":"info","message":"Mapped {/auth/login, POST} route, RouterExplorer","timestamp":"2021-08-04T02:31:25.313Z"}
{"level":"info","message":"Mapped {, GET} route, RouterExplorer","timestamp":"2021-08-04T02:31:25.315Z"}
{"level":"info","message":"Nest application successfully started, NestApplication","timestamp":"2021-08-04T02:31:25.324Z"}
{"level":"info","message":"AppController {}:, RoutesResolver","timestamp":"2021-08-04T02:38:21.668Z"}
{"level":"info","message":"Mapped {/auth/login, POST} route, RouterExplorer","timestamp":"2021-08-04T02:38:21.674Z"}
{"level":"info","message":"Mapped {, GET} route, RouterExplorer","timestamp":"2021-08-04T02:38:21.675Z"}
{"level":"info","message":"Nest application successfully started, NestApplication","timestamp":"2021-08-04T02:38:21.685Z"}
{"level":"info","message":"AppController {}:, RoutesResolver","timestamp":"2021-08-04T02:39:39.542Z"}
{"level":"info","message":"Mapped {/auth/login, POST} route, RouterExplorer","timestamp":"2021-08-04T02:39:39.548Z"}
{"level":"info","message":"Mapped {, GET} route, RouterExplorer","timestamp":"2021-08-04T02:39:39.549Z"}
{"level":"info","message":"Nest application successfully started, NestApplication","timestamp":"2021-08-04T02:39:39.560Z"}
{"level":"info","message":"AppController {}:, RoutesResolver","timestamp":"2021-08-04T02:43:02.079Z"}
{"level":"info","message":"Mapped {/auth/login, POST} route, RouterExplorer","timestamp":"2021-08-04T02:43:02.085Z"}
{"level":"info","message":"Mapped {, GET} route, RouterExplorer","timestamp":"2021-08-04T02:43:02.087Z"}
{"level":"info","message":"Nest application successfully started, NestApplication","timestamp":"2021-08-04T02:43:02.094Z"}
{"level":"info","message":"AppController {}:, RoutesResolver","timestamp":"2021-08-04T02:44:32.484Z"}
{"level":"info","message":"Mapped {/auth/login, POST} route, RouterExplorer","timestamp":"2021-08-04T02:44:32.489Z"}
{"level":"info","message":"Mapped {, GET} route, RouterExplorer","timestamp":"2021-08-04T02:44:32.491Z"}
{"level":"info","message":"Nest application successfully started, NestApplication","timestamp":"2021-08-04T02:44:32.500Z"}
{"level":"info","message":"AppController {}:, RoutesResolver","timestamp":"2021-08-04T02:44:47.662Z"}
{"level":"info","message":"Mapped {/auth/login, POST} route, RouterExplorer","timestamp":"2021-08-04T02:44:47.674Z"}
{"level":"info","message":"Mapped {, GET} route, RouterExplorer","timestamp":"2021-08-04T02:44:47.676Z"}
{"level":"info","message":"Nest application successfully started, NestApplication","timestamp":"2021-08-04T02:44:47.686Z"}
{"level":"info","message":"AppController {}:, RoutesResolver","timestamp":"2021-08-04T02:44:52.650Z"}
{"level":"info","message":"Mapped {/auth/login, POST} route, RouterExplorer","timestamp":"2021-08-04T02:44:52.656Z"}
{"level":"info","message":"Mapped {, GET} route, RouterExplorer","timestamp":"2021-08-04T02:44:52.657Z"}
{"level":"info","message":"Nest application successfully started, NestApplication","timestamp":"2021-08-04T02:44:52.667Z"}
{"level":"info","message":"AppController {}:, RoutesResolver","timestamp":"2021-08-04T02:45:11.280Z"}
{"level":"info","message":"Mapped {/auth/login, POST} route, RouterExplorer","timestamp":"2021-08-04T02:45:11.287Z"}
{"level":"info","message":"Mapped {, GET} route, RouterExplorer","timestamp":"2021-08-04T02:45:11.289Z"}
{"level":"info","message":"Nest application successfully started, NestApplication","timestamp":"2021-08-04T02:45:11.298Z"}
{"level":"info","message":"AppController {}:, RoutesResolver","timestamp":"2021-08-04T02:45:24.457Z"}
{"level":"info","message":"Mapped {/auth/login, POST} route, RouterExplorer","timestamp":"2021-08-04T02:45:24.463Z"}
{"level":"info","message":"Mapped {, GET} route, RouterExplorer","timestamp":"2021-08-04T02:45:24.464Z"}
{"level":"info","message":"Nest application successfully started, NestApplication","timestamp":"2021-08-04T02:45:24.476Z"}
{"level":"info","message":"AppController {}:, RoutesResolver","timestamp":"2021-08-04T02:46:48.708Z"}
{"level":"info","message":"Mapped {/auth/login, POST} route, RouterExplorer","timestamp":"2021-08-04T02:46:48.716Z"}
{"level":"info","message":"Mapped {, GET} route, RouterExplorer","timestamp":"2021-08-04T02:46:48.719Z"}
{"level":"info","message":"Nest application successfully started, NestApplication","timestamp":"2021-08-04T02:46:48.734Z"}
{"level":"info","message":"AppController {}:, RoutesResolver","timestamp":"2021-08-04T02:46:49.948Z"}
{"level":"info","message":"Mapped {/auth/login, POST} route, RouterExplorer","timestamp":"2021-08-04T02:46:49.955Z"}
{"level":"info","message":"Mapped {, GET} route, RouterExplorer","timestamp":"2021-08-04T02:46:49.956Z"}
{"level":"info","message":"Nest application successfully started, NestApplication","timestamp":"2021-08-04T02:46:49.966Z"}
{"level":"info","message":"AppController {}:, RoutesResolver","timestamp":"2021-08-04T02:47:06.202Z"}
{"level":"info","message":"Mapped {/auth/login, POST} route, RouterExplorer","timestamp":"2021-08-04T02:47:06.208Z"}
{"level":"info","message":"Mapped {, GET} route, RouterExplorer","timestamp":"2021-08-04T02:47:06.209Z"}
{"level":"info","message":"Nest application successfully started, NestApplication","timestamp":"2021-08-04T02:47:06.217Z"}
{"level":"info","message":"AppController {}:, RoutesResolver","timestamp":"2021-08-04T02:48:13.900Z"}
{"level":"info","message":"Mapped {/auth/login, POST} route, RouterExplorer","timestamp":"2021-08-04T02:48:13.906Z"}
{"level":"info","message":"Mapped {, GET} route, RouterExplorer","timestamp":"2021-08-04T02:48:13.908Z"}
{"level":"info","message":"Nest application successfully started, NestApplication","timestamp":"2021-08-04T02:48:13.916Z"}
{"level":"info","message":"AppController {}:, RoutesResolver","timestamp":"2021-08-04T02:48:41.694Z"}
{"level":"info","message":"Mapped {/auth/login, POST} route, RouterExplorer","timestamp":"2021-08-04T02:48:41.699Z"}
{"level":"info","message":"Mapped {, GET} route, RouterExplorer","timestamp":"2021-08-04T02:48:41.700Z"}
{"level":"info","message":"Nest application successfully started, NestApplication","timestamp":"2021-08-04T02:48:41.711Z"}
{"level":"info","message":"AppController {}:, RoutesResolver","timestamp":"2021-08-04T02:49:20.789Z"}
{"level":"info","message":"Mapped {/auth/login, POST} route, RouterExplorer","timestamp":"2021-08-04T02:49:20.797Z"}
{"level":"info","message":"Mapped {, GET} route, RouterExplorer","timestamp":"2021-08-04T02:49:20.799Z"}
{"level":"info","message":"Nest application successfully started, NestApplication","timestamp":"2021-08-04T02:49:20.810Z"}
{"level":"info","message":"AppController {}:, RoutesResolver","timestamp":"2021-08-04T02:49:32.231Z"}
{"level":"info","message":"Mapped {/auth/login, POST} route, RouterExplorer","timestamp":"2021-08-04T02:49:32.237Z"}
{"level":"info","message":"Mapped {, GET} route, RouterExplorer","timestamp":"2021-08-04T02:49:32.239Z"}
{"level":"info","message":"Nest application successfully started, NestApplication","timestamp":"2021-08-04T02:49:32.247Z"}
{"level":"info","message":"AppController {}:, RoutesResolver","timestamp":"2021-08-04T02:49:50.376Z"}
{"level":"info","message":"Mapped {/auth/login, POST} route, RouterExplorer","timestamp":"2021-08-04T02:49:50.381Z"}
{"level":"info","message":"Mapped {, GET} route, RouterExplorer","timestamp":"2021-08-04T02:49:50.383Z"}
{"level":"info","message":"Nest application successfully started, NestApplication","timestamp":"2021-08-04T02:49:50.391Z"}
{"level":"info","message":"AppController {}:, RoutesResolver","timestamp":"2021-08-04T02:50:43.942Z"}
{"level":"info","message":"Mapped {/auth/login, POST} route, RouterExplorer","timestamp":"2021-08-04T02:50:43.948Z"}
{"level":"info","message":"Mapped {, GET} route, RouterExplorer","timestamp":"2021-08-04T02:50:43.949Z"}
{"level":"info","message":"Nest application successfully started, NestApplication","timestamp":"2021-08-04T02:50:43.958Z"}
{"level":"info","message":"AppController {}:, RoutesResolver","timestamp":"2021-08-04T02:56:36.128Z"}
{"level":"info","message":"Mapped {/auth/login, POST} route, RouterExplorer","timestamp":"2021-08-04T02:56:36.133Z"}
{"level":"info","message":"Mapped {, GET} route, RouterExplorer","timestamp":"2021-08-04T02:56:36.135Z"}
{"level":"info","message":"Nest application successfully started, NestApplication","timestamp":"2021-08-04T02:56:36.145Z"}
{"level":"info","message":"AppController {}:, RoutesResolver","timestamp":"2021-08-04T02:57:14.798Z"}
{"level":"info","message":"Mapped {/auth/login, POST} route, RouterExplorer","timestamp":"2021-08-04T02:57:14.805Z"}
{"level":"info","message":"Mapped {, GET} route, RouterExplorer","timestamp":"2021-08-04T02:57:14.807Z"}
{"level":"info","message":"Nest application successfully started, NestApplication","timestamp":"2021-08-04T02:57:14.818Z"}
{"level":"info","message":"AppController {}:, RoutesResolver","timestamp":"2021-08-04T02:57:21.315Z"}
{"level":"info","message":"Mapped {/auth/login, POST} route, RouterExplorer","timestamp":"2021-08-04T02:57:21.321Z"}
{"level":"info","message":"Mapped {, GET} route, RouterExplorer","timestamp":"2021-08-04T02:57:21.323Z"}
{"level":"info","message":"Nest application successfully started, NestApplication","timestamp":"2021-08-04T02:57:21.332Z"}
{"level":"info","message":"AppController {}:, RoutesResolver","timestamp":"2021-08-04T02:57:50.643Z"}
{"level":"info","message":"Mapped {/auth/login, POST} route, RouterExplorer","timestamp":"2021-08-04T02:57:50.649Z"}
{"level":"info","message":"Mapped {, GET} route, RouterExplorer","timestamp":"2021-08-04T02:57:50.651Z"}
{"level":"info","message":"Nest application successfully started, NestApplication","timestamp":"2021-08-04T02:57:50.662Z"}
{"level":"info","message":"AppController {}:, RoutesResolver","timestamp":"2021-08-04T02:58:11.182Z"}
{"level":"info","message":"Mapped {/auth/login, POST} route, RouterExplorer","timestamp":"2021-08-04T02:58:11.188Z"}
{"level":"info","message":"Mapped {/login-info, GET} route, RouterExplorer","timestamp":"2021-08-04T02:58:11.190Z"}
{"level":"info","message":"Nest application successfully started, NestApplication","timestamp":"2021-08-04T02:58:11.199Z"}
{"level":"info","message":"AppController {}:, RoutesResolver","timestamp":"2021-08-04T02:58:28.579Z"}
{"level":"info","message":"Mapped {/auth/login, POST} route, RouterExplorer","timestamp":"2021-08-04T02:58:28.584Z"}
{"level":"info","message":"Mapped {/login-info, GET} route, RouterExplorer","timestamp":"2021-08-04T02:58:28.586Z"}
{"level":"info","message":"Nest application successfully started, NestApplication","timestamp":"2021-08-04T02:58:28.594Z"}
{"level":"info","message":"AppController {}:, RoutesResolver","timestamp":"2021-08-04T02:58:56.891Z"}
{"level":"info","message":"Mapped {/auth/login, POST} route, RouterExplorer","timestamp":"2021-08-04T02:58:56.900Z"}
{"level":"info","message":"Mapped {/login-info, GET} route, RouterExplorer","timestamp":"2021-08-04T02:58:56.903Z"}
{"level":"info","message":"Nest application successfully started, NestApplication","timestamp":"2021-08-04T02:58:56.926Z"}
{"level":"info","message":"AppController {}:, RoutesResolver","timestamp":"2021-08-04T02:59:16.838Z"}
{"level":"info","message":"Mapped {/auth/login, POST} route, RouterExplorer","timestamp":"2021-08-04T02:59:16.847Z"}
{"level":"info","message":"Mapped {/login-info, GET} route, RouterExplorer","timestamp":"2021-08-04T02:59:16.850Z"}
{"level":"info","message":"Nest application successfully started, NestApplication","timestamp":"2021-08-04T02:59:16.867Z"}
{"level":"info","message":"AppController {}:, RoutesResolver","timestamp":"2021-08-04T03:21:29.347Z"}
{"level":"info","message":"Mapped {/auth/login, POST} route, RouterExplorer","timestamp":"2021-08-04T03:21:29.352Z"}
{"level":"info","message":"Mapped {/login-info, GET} route, RouterExplorer","timestamp":"2021-08-04T03:21:29.354Z"}
{"level":"info","message":"Nest application successfully started, NestApplication","timestamp":"2021-08-04T03:21:29.362Z"}
{"level":"info","message":"AppController {}:, RoutesResolver","timestamp":"2021-08-04T03:22:32.819Z"}
{"level":"info","message":"Mapped {/auth/login, POST} route, RouterExplorer","timestamp":"2021-08-04T03:22:32.827Z"}
{"level":"info","message":"Mapped {/login-info, GET} route, RouterExplorer","timestamp":"2021-08-04T03:22:32.829Z"}
{"level":"info","message":"Nest application successfully started, NestApplication","timestamp":"2021-08-04T03:22:32.838Z"}
{"level":"info","message":"AppController {}:, RoutesResolver","timestamp":"2021-08-04T03:22:38.828Z"}
{"level":"info","message":"Mapped {/auth/login, POST} route, RouterExplorer","timestamp":"2021-08-04T03:22:38.833Z"}
{"level":"info","message":"Mapped {/login-info, GET} route, RouterExplorer","timestamp":"2021-08-04T03:22:38.835Z"}
{"level":"info","message":"Nest application successfully started, NestApplication","timestamp":"2021-08-04T03:22:38.845Z"}
{"level":"info","message":"AppController {}:, RoutesResolver","timestamp":"2021-08-04T03:22:46.073Z"}
{"level":"info","message":"Mapped {/auth/login, POST} route, RouterExplorer","timestamp":"2021-08-04T03:22:46.079Z"}
{"level":"info","message":"Mapped {/login-info, GET} route, RouterExplorer","timestamp":"2021-08-04T03:22:46.081Z"}
{"level":"info","message":"Nest application successfully started, NestApplication","timestamp":"2021-08-04T03:22:46.090Z"}
{"level":"info","message":"AppController {}:, RoutesResolver","timestamp":"2021-08-04T03:22:51.431Z"}
{"level":"info","message":"Mapped {/auth/login, POST} route, RouterExplorer","timestamp":"2021-08-04T03:22:51.437Z"}
{"level":"info","message":"Mapped {/login-info, GET} route, RouterExplorer","timestamp":"2021-08-04T03:22:51.438Z"}
{"level":"info","message":"Nest application successfully started, NestApplication","timestamp":"2021-08-04T03:22:51.453Z"}
{"level":"info","message":"AppController {}:, RoutesResolver","timestamp":"2021-08-04T03:47:04.700Z"}
{"level":"info","message":"Mapped {/auth/login, POST} route, RouterExplorer","timestamp":"2021-08-04T03:47:04.706Z"}
{"level":"info","message":"Mapped {/regist, POST} route, RouterExplorer","timestamp":"2021-08-04T03:47:04.708Z"}
{"level":"info","message":"Mapped {/login-info, GET} route, RouterExplorer","timestamp":"2021-08-04T03:47:04.710Z"}
{"level":"info","message":"Nest application successfully started, NestApplication","timestamp":"2021-08-04T03:47:04.720Z"}
{"level":"info","message":"AppController {}:, RoutesResolver","timestamp":"2021-08-04T03:47:56.093Z"}
{"level":"info","message":"Mapped {/auth/login, POST} route, RouterExplorer","timestamp":"2021-08-04T03:47:56.099Z"}
{"level":"info","message":"Mapped {/regist, POST} route, RouterExplorer","timestamp":"2021-08-04T03:47:56.101Z"}
{"level":"info","message":"Mapped {/login-info, GET} route, RouterExplorer","timestamp":"2021-08-04T03:47:56.103Z"}
{"level":"info","message":"Nest application successfully started, NestApplication","timestamp":"2021-08-04T03:47:56.111Z"}
{"level":"info","message":"AppController {}:, RoutesResolver","timestamp":"2021-08-04T03:49:35.580Z"}
{"level":"info","message":"Mapped {/auth/login, POST} route, RouterExplorer","timestamp":"2021-08-04T03:49:35.587Z"}
{"level":"info","message":"Mapped {/regist, POST} route, RouterExplorer","timestamp":"2021-08-04T03:49:35.589Z"}
{"level":"info","message":"Mapped {/login-info, GET} route, RouterExplorer","timestamp":"2021-08-04T03:49:35.592Z"}
{"level":"info","message":"Nest application successfully started, NestApplication","timestamp":"2021-08-04T03:49:35.604Z"}
{"level":"info","message":"AppController {}:, RoutesResolver","timestamp":"2021-08-04T03:49:47.911Z"}
{"level":"info","message":"Mapped {/auth/login, POST} route, RouterExplorer","timestamp":"2021-08-04T03:49:47.916Z"}
{"level":"info","message":"Mapped {/regist, POST} route, RouterExplorer","timestamp":"2021-08-04T03:49:47.918Z"}
{"level":"info","message":"Mapped {/login-info, GET} route, RouterExplorer","timestamp":"2021-08-04T03:49:47.921Z"}
{"level":"info","message":"Nest application successfully started, NestApplication","timestamp":"2021-08-04T03:49:47.930Z"}
{"level":"info","message":"AppController {}:, RoutesResolver","timestamp":"2021-08-04T03:50:13.880Z"}
{"level":"info","message":"Mapped {/auth/login, POST} route, RouterExplorer","timestamp":"2021-08-04T03:50:13.890Z"}
{"level":"info","message":"Mapped {/regist, POST} route, RouterExplorer","timestamp":"2021-08-04T03:50:13.891Z"}
{"level":"info","message":"Mapped {/login-info, GET} route, RouterExplorer","timestamp":"2021-08-04T03:50:13.893Z"}
{"level":"info","message":"Nest application successfully started, NestApplication","timestamp":"2021-08-04T03:50:13.900Z"}
{"level":"info","message":"AppController {}:, RoutesResolver","timestamp":"2021-08-04T03:50:37.111Z"}
{"level":"info","message":"Mapped {/auth/login, POST} route, RouterExplorer","timestamp":"2021-08-04T03:50:37.116Z"}
{"level":"info","message":"Mapped {/regist, POST} route, RouterExplorer","timestamp":"2021-08-04T03:50:37.118Z"}
{"level":"info","message":"Mapped {/login-info, GET} route, RouterExplorer","timestamp":"2021-08-04T03:50:37.120Z"}
{"level":"info","message":"Nest application successfully started, NestApplication","timestamp":"2021-08-04T03:50:37.129Z"}
{"level":"info","message":"AppController {}:, RoutesResolver","timestamp":"2021-08-04T03:50:56.800Z"}
{"level":"info","message":"Mapped {/auth/login, POST} route, RouterExplorer","timestamp":"2021-08-04T03:50:56.805Z"}
{"level":"info","message":"Mapped {/regist, POST} route, RouterExplorer","timestamp":"2021-08-04T03:50:56.807Z"}
{"level":"info","message":"Mapped {/login-info, GET} route, RouterExplorer","timestamp":"2021-08-04T03:50:56.809Z"}
{"level":"info","message":"Nest application successfully started, NestApplication","timestamp":"2021-08-04T03:50:56.820Z"}
{"level":"info","message":"AppController {}:, RoutesResolver","timestamp":"2021-08-04T03:51:02.961Z"}
{"level":"info","message":"Mapped {/auth/login, POST} route, RouterExplorer","timestamp":"2021-08-04T03:51:02.966Z"}
{"level":"info","message":"Mapped {/regist, POST} route, RouterExplorer","timestamp":"2021-08-04T03:51:02.968Z"}
{"level":"info","message":"Mapped {/login-info, GET} route, RouterExplorer","timestamp":"2021-08-04T03:51:02.972Z"}
{"level":"info","message":"Nest application successfully started, NestApplication","timestamp":"2021-08-04T03:51:02.980Z"}
{"level":"info","message":"AppController {}:, RoutesResolver","timestamp":"2021-08-04T03:51:17.362Z"}
{"level":"info","message":"Mapped {/auth/login, POST} route, RouterExplorer","timestamp":"2021-08-04T03:51:17.369Z"}
{"level":"info","message":"Mapped {/regist, POST} route, RouterExplorer","timestamp":"2021-08-04T03:51:17.370Z"}
{"level":"info","message":"Mapped {/login-info, GET} route, RouterExplorer","timestamp":"2021-08-04T03:51:17.373Z"}
{"level":"info","message":"Nest application successfully started, NestApplication","timestamp":"2021-08-04T03:51:17.382Z"}
{"level":"info","message":"AppController {}:, RoutesResolver","timestamp":"2021-08-04T03:51:37.191Z"}
{"level":"info","message":"Mapped {/auth/login, POST} route, RouterExplorer","timestamp":"2021-08-04T03:51:37.197Z"}
{"level":"info","message":"Mapped {/regist, POST} route, RouterExplorer","timestamp":"2021-08-04T03:51:37.199Z"}
{"level":"info","message":"Mapped {/login-info, GET} route, RouterExplorer","timestamp":"2021-08-04T03:51:37.202Z"}
{"level":"info","message":"Nest application successfully started, NestApplication","timestamp":"2021-08-04T03:51:37.210Z"}
{"level":"info","message":"AppController {}:, RoutesResolver","timestamp":"2021-08-04T03:53:05.746Z"}
{"level":"info","message":"Mapped {/auth/login, POST} route, RouterExplorer","timestamp":"2021-08-04T03:53:05.752Z"}
{"level":"info","message":"Mapped {/regist, POST} route, RouterExplorer","timestamp":"2021-08-04T03:53:05.753Z"}
{"level":"info","message":"Mapped {/login-info, GET} route, RouterExplorer","timestamp":"2021-08-04T03:53:05.756Z"}
{"level":"info","message":"Nest application successfully started, NestApplication","timestamp":"2021-08-04T03:53:05.764Z"}
{"level":"info","message":"AppController {}:, RoutesResolver","timestamp":"2021-08-04T03:53:19.992Z"}
{"level":"info","message":"Mapped {/auth/login, POST} route, RouterExplorer","timestamp":"2021-08-04T03:53:19.998Z"}
{"level":"info","message":"Mapped {/regist, POST} route, RouterExplorer","timestamp":"2021-08-04T03:53:20.000Z"}
{"level":"info","message":"Mapped {/login-info, GET} route, RouterExplorer","timestamp":"2021-08-04T03:53:20.003Z"}
{"level":"info","message":"Nest application successfully started, NestApplication","timestamp":"2021-08-04T03:53:20.015Z"}
{"level":"info","message":"AppController {}:, RoutesResolver","timestamp":"2021-08-04T03:54:46.873Z"}
{"level":"info","message":"Mapped {/auth/login, POST} route, RouterExplorer","timestamp":"2021-08-04T03:54:46.878Z"}
{"level":"info","message":"Mapped {/regist, POST} route, RouterExplorer","timestamp":"2021-08-04T03:54:46.880Z"}
{"level":"info","message":"Mapped {/login-info, GET} route, RouterExplorer","timestamp":"2021-08-04T03:54:46.882Z"}
{"level":"info","message":"Nest application successfully started, NestApplication","timestamp":"2021-08-04T03:54:46.890Z"}
{"level":"info","message":"AppController {}:, RoutesResolver","timestamp":"2021-08-04T03:55:02.839Z"}
{"level":"info","message":"Mapped {/auth/login, POST} route, RouterExplorer","timestamp":"2021-08-04T03:55:02.845Z"}
{"level":"info","message":"Mapped {/regist, POST} route, RouterExplorer","timestamp":"2021-08-04T03:55:02.847Z"}
{"level":"info","message":"Mapped {/login-info, GET} route, RouterExplorer","timestamp":"2021-08-04T03:55:02.850Z"}
{"level":"info","message":"Nest application successfully started, NestApplication","timestamp":"2021-08-04T03:55:02.860Z"}
{"level":"error","message":"Unknown authentication strategy \"jwt\"","trace":"Error: Unknown authentication strategy \"jwt\"\n    at attempt (/app/portfolio-node/node_modules/passport/lib/middleware/authenticate.js:190:39)\n    at authenticate (/app/portfolio-node/node_modules/passport/lib/middleware/authenticate.js:367:7)\n    at /app/portfolio-node/node_modules/@nestjs/passport/dist/auth.guard.js:91:3\n    at new Promise (<anonymous>)\n    at /app/portfolio-node/node_modules/@nestjs/passport/dist/auth.guard.js:83:83\n    at JwtAuthGuard.<anonymous> (/app/portfolio-node/node_modules/@nestjs/passport/dist/auth.guard.js:49:36)\n    at Generator.next (<anonymous>)\n    at fulfilled (/app/portfolio-node/node_modules/@nestjs/passport/dist/auth.guard.js:17:58)\n    at processTicksAndRejections (node:internal/process/task_queues:96:5)","context":"ExceptionsHandler","timestamp":"2021-08-04T03:55:16.755Z"}
{"level":"info","message":"AppController {}:, RoutesResolver","timestamp":"2021-08-04T03:56:46.487Z"}
{"level":"info","message":"Mapped {/auth/login, POST} route, RouterExplorer","timestamp":"2021-08-04T03:56:46.494Z"}
{"level":"info","message":"Mapped {/regist, POST} route, RouterExplorer","timestamp":"2021-08-04T03:56:46.496Z"}
{"level":"info","message":"Mapped {/login-info, GET} route, RouterExplorer","timestamp":"2021-08-04T03:56:46.498Z"}
{"level":"info","message":"Nest application successfully started, NestApplication","timestamp":"2021-08-04T03:56:46.506Z"}
{"level":"info","message":"AppController {}:, RoutesResolver","timestamp":"2021-08-04T03:57:34.607Z"}
{"level":"info","message":"Mapped {/auth/login, POST} route, RouterExplorer","timestamp":"2021-08-04T03:57:34.614Z"}
{"level":"info","message":"Mapped {/regist, POST} route, RouterExplorer","timestamp":"2021-08-04T03:57:34.616Z"}
{"level":"info","message":"Mapped {/login-info, GET} route, RouterExplorer","timestamp":"2021-08-04T03:57:34.620Z"}
{"level":"info","message":"Nest application successfully started, NestApplication","timestamp":"2021-08-04T03:57:34.628Z"}
{"level":"info","message":"AppController {}:, RoutesResolver","timestamp":"2021-08-04T04:01:38.749Z"}
{"level":"info","message":"Mapped {/auth/login, POST} route, RouterExplorer","timestamp":"2021-08-04T04:01:38.755Z"}
{"level":"info","message":"Mapped {/regist, POST} route, RouterExplorer","timestamp":"2021-08-04T04:01:38.756Z"}
{"level":"info","message":"Mapped {/login-info, GET} route, RouterExplorer","timestamp":"2021-08-04T04:01:38.759Z"}
{"level":"info","message":"Nest application successfully started, NestApplication","timestamp":"2021-08-04T04:01:38.766Z"}
{"level":"info","message":"AppController {}:, RoutesResolver","timestamp":"2021-08-04T04:01:49.242Z"}
{"level":"info","message":"Mapped {/auth/login, POST} route, RouterExplorer","timestamp":"2021-08-04T04:01:49.248Z"}
{"level":"info","message":"Mapped {/regist, POST} route, RouterExplorer","timestamp":"2021-08-04T04:01:49.249Z"}
{"level":"info","message":"Mapped {/login-info, GET} route, RouterExplorer","timestamp":"2021-08-04T04:01:49.251Z"}
{"level":"info","message":"Nest application successfully started, NestApplication","timestamp":"2021-08-04T04:01:49.261Z"}
{"level":"info","message":"AppController {}:, RoutesResolver","timestamp":"2021-08-04T04:03:58.647Z"}
{"level":"info","message":"Mapped {/auth/login, POST} route, RouterExplorer","timestamp":"2021-08-04T04:03:58.654Z"}
{"level":"info","message":"Mapped {/regist, POST} route, RouterExplorer","timestamp":"2021-08-04T04:03:58.655Z"}
{"level":"info","message":"Mapped {/login-info, GET} route, RouterExplorer","timestamp":"2021-08-04T04:03:58.657Z"}
{"level":"info","message":"Nest application successfully started, NestApplication","timestamp":"2021-08-04T04:03:58.665Z"}
{"level":"info","message":"AppController {}:, RoutesResolver","timestamp":"2021-08-04T04:11:36.626Z"}
{"level":"info","message":"Mapped {/auth/login, POST} route, RouterExplorer","timestamp":"2021-08-04T04:11:36.633Z"}
{"level":"info","message":"Mapped {/regist, POST} route, RouterExplorer","timestamp":"2021-08-04T04:11:36.635Z"}
{"level":"info","message":"Mapped {/login-info, GET} route, RouterExplorer","timestamp":"2021-08-04T04:11:36.639Z"}
{"level":"info","message":"Nest application successfully started, NestApplication","timestamp":"2021-08-04T04:11:36.647Z"}
{"level":"info","message":"AppController {}:, RoutesResolver","timestamp":"2021-08-04T04:12:42.973Z"}
{"level":"info","message":"Mapped {/auth/login, POST} route, RouterExplorer","timestamp":"2021-08-04T04:12:42.979Z"}
{"level":"info","message":"Mapped {/regist, POST} route, RouterExplorer","timestamp":"2021-08-04T04:12:42.980Z"}
{"level":"info","message":"Mapped {/login-info, GET} route, RouterExplorer","timestamp":"2021-08-04T04:12:42.982Z"}
{"level":"info","message":"Nest application successfully started, NestApplication","timestamp":"2021-08-04T04:12:42.990Z"}
{"level":"info","message":"AppController {}:, RoutesResolver","timestamp":"2021-08-04T04:14:47.499Z"}
{"level":"info","message":"Mapped {/auth/login, POST} route, RouterExplorer","timestamp":"2021-08-04T04:14:47.509Z"}
{"level":"info","message":"Mapped {/regist, POST} route, RouterExplorer","timestamp":"2021-08-04T04:14:47.511Z"}
{"level":"info","message":"Mapped {/login-info, GET} route, RouterExplorer","timestamp":"2021-08-04T04:14:47.513Z"}
{"level":"info","message":"Nest application successfully started, NestApplication","timestamp":"2021-08-04T04:14:47.521Z"}
{"level":"info","message":"AppController {}:, RoutesResolver","timestamp":"2021-08-04T04:16:51.758Z"}
{"level":"info","message":"Mapped {/auth/login, POST} route, RouterExplorer","timestamp":"2021-08-04T04:16:51.764Z"}
{"level":"info","message":"Mapped {/regist, POST} route, RouterExplorer","timestamp":"2021-08-04T04:16:51.767Z"}
{"level":"info","message":"Mapped {/login-info, GET} route, RouterExplorer","timestamp":"2021-08-04T04:16:51.770Z"}
{"level":"info","message":"Nest application successfully started, NestApplication","timestamp":"2021-08-04T04:16:51.779Z"}
{"level":"info","message":"AppController {}:, RoutesResolver","timestamp":"2021-08-04T04:17:36.299Z"}
{"level":"info","message":"Mapped {/auth/login, POST} route, RouterExplorer","timestamp":"2021-08-04T04:17:36.304Z"}
{"level":"info","message":"Mapped {/regist, POST} route, RouterExplorer","timestamp":"2021-08-04T04:17:36.306Z"}
{"level":"info","message":"Mapped {/login-info, GET} route, RouterExplorer","timestamp":"2021-08-04T04:17:36.310Z"}
{"level":"info","message":"Nest application successfully started, NestApplication","timestamp":"2021-08-04T04:17:36.317Z"}
{"level":"info","message":"AppController {}:, RoutesResolver","timestamp":"2021-08-04T04:18:06.340Z"}
{"level":"info","message":"Mapped {/auth/login, POST} route, RouterExplorer","timestamp":"2021-08-04T04:18:06.346Z"}
{"level":"info","message":"Mapped {/regist, POST} route, RouterExplorer","timestamp":"2021-08-04T04:18:06.347Z"}
{"level":"info","message":"Mapped {/login-info, GET} route, RouterExplorer","timestamp":"2021-08-04T04:18:06.350Z"}
{"level":"info","message":"Nest application successfully started, NestApplication","timestamp":"2021-08-04T04:18:06.358Z"}
{"level":"info","message":"AppController {}:, RoutesResolver","timestamp":"2021-08-04T04:18:31.176Z"}
{"level":"info","message":"Mapped {/auth/login, POST} route, RouterExplorer","timestamp":"2021-08-04T04:18:31.184Z"}
{"level":"info","message":"Mapped {/regist, POST} route, RouterExplorer","timestamp":"2021-08-04T04:18:31.185Z"}
{"level":"info","message":"Mapped {/login-info, GET} route, RouterExplorer","timestamp":"2021-08-04T04:18:31.187Z"}
{"level":"info","message":"Nest application successfully started, NestApplication","timestamp":"2021-08-04T04:18:31.194Z"}
{"level":"info","message":"AppController {}:, RoutesResolver","timestamp":"2021-08-04T04:18:54.672Z"}
{"level":"info","message":"Mapped {/auth/login, POST} route, RouterExplorer","timestamp":"2021-08-04T04:18:54.679Z"}
{"level":"info","message":"Mapped {/regist, POST} route, RouterExplorer","timestamp":"2021-08-04T04:18:54.681Z"}
{"level":"info","message":"Mapped {/login-info, GET} route, RouterExplorer","timestamp":"2021-08-04T04:18:54.683Z"}
{"level":"info","message":"Nest application successfully started, NestApplication","timestamp":"2021-08-04T04:18:54.692Z"}
{"level":"info","message":"AppController {}:, RoutesResolver","timestamp":"2021-08-04T04:19:18.134Z"}
{"level":"info","message":"Mapped {/auth/login, POST} route, RouterExplorer","timestamp":"2021-08-04T04:19:18.140Z"}
{"level":"info","message":"Mapped {/regist, POST} route, RouterExplorer","timestamp":"2021-08-04T04:19:18.141Z"}
{"level":"info","message":"Mapped {/login-info, GET} route, RouterExplorer","timestamp":"2021-08-04T04:19:18.144Z"}
{"level":"info","message":"Nest application successfully started, NestApplication","timestamp":"2021-08-04T04:19:18.152Z"}
{"level":"info","message":"AppController {}:, RoutesResolver","timestamp":"2021-08-04T04:20:17.293Z"}
{"level":"info","message":"Mapped {/auth/login, POST} route, RouterExplorer","timestamp":"2021-08-04T04:20:17.299Z"}
{"level":"info","message":"Mapped {/regist, POST} route, RouterExplorer","timestamp":"2021-08-04T04:20:17.300Z"}
{"level":"info","message":"Mapped {/login-info, GET} route, RouterExplorer","timestamp":"2021-08-04T04:20:17.302Z"}
{"level":"info","message":"Nest application successfully started, NestApplication","timestamp":"2021-08-04T04:20:17.310Z"}
{"level":"info","message":"AppController {}:, RoutesResolver","timestamp":"2021-08-04T04:20:19.837Z"}
{"level":"info","message":"Mapped {/auth/login, POST} route, RouterExplorer","timestamp":"2021-08-04T04:20:19.844Z"}
{"level":"info","message":"Mapped {/regist, POST} route, RouterExplorer","timestamp":"2021-08-04T04:20:19.845Z"}
{"level":"info","message":"Mapped {/login-info, GET} route, RouterExplorer","timestamp":"2021-08-04T04:20:19.847Z"}
{"level":"info","message":"Nest application successfully started, NestApplication","timestamp":"2021-08-04T04:20:19.855Z"}
{"level":"info","message":"AppController {}:, RoutesResolver","timestamp":"2021-08-04T04:20:31.048Z"}
{"level":"info","message":"Mapped {/auth/login, POST} route, RouterExplorer","timestamp":"2021-08-04T04:20:31.054Z"}
{"level":"info","message":"Mapped {/regist, POST} route, RouterExplorer","timestamp":"2021-08-04T04:20:31.056Z"}
{"level":"info","message":"Mapped {/login-info, GET} route, RouterExplorer","timestamp":"2021-08-04T04:20:31.059Z"}
{"level":"info","message":"Nest application successfully started, NestApplication","timestamp":"2021-08-04T04:20:31.069Z"}
{"level":"info","message":"AppController {}:, RoutesResolver","timestamp":"2021-08-04T04:20:33.665Z"}
{"level":"info","message":"Mapped {/auth/login, POST} route, RouterExplorer","timestamp":"2021-08-04T04:20:33.671Z"}
{"level":"info","message":"Mapped {/regist, POST} route, RouterExplorer","timestamp":"2021-08-04T04:20:33.673Z"}
{"level":"info","message":"Mapped {/login-info, GET} route, RouterExplorer","timestamp":"2021-08-04T04:20:33.675Z"}
{"level":"info","message":"Nest application successfully started, NestApplication","timestamp":"2021-08-04T04:20:33.683Z"}
{"level":"info","message":"AppController {}:, RoutesResolver","timestamp":"2021-08-04T04:23:02.693Z"}
{"level":"info","message":"Mapped {/auth/login, POST} route, RouterExplorer","timestamp":"2021-08-04T04:23:02.699Z"}
{"level":"info","message":"Mapped {/regist, POST} route, RouterExplorer","timestamp":"2021-08-04T04:23:02.701Z"}
{"level":"info","message":"Mapped {/login-info, GET} route, RouterExplorer","timestamp":"2021-08-04T04:23:02.704Z"}
{"level":"info","message":"Nest application successfully started, NestApplication","timestamp":"2021-08-04T04:23:02.713Z"}
{"level":"info","message":"AppController {}:, RoutesResolver","timestamp":"2021-08-04T04:25:55.250Z"}
{"level":"info","message":"Mapped {/auth/login, POST} route, RouterExplorer","timestamp":"2021-08-04T04:25:55.257Z"}
{"level":"info","message":"Mapped {/regist, POST} route, RouterExplorer","timestamp":"2021-08-04T04:25:55.258Z"}
{"level":"info","message":"Mapped {/login-info, GET} route, RouterExplorer","timestamp":"2021-08-04T04:25:55.261Z"}
{"level":"info","message":"Nest application successfully started, NestApplication","timestamp":"2021-08-04T04:25:55.272Z"}
{"level":"info","message":"AppController {}:, RoutesResolver","timestamp":"2021-08-04T04:25:59.876Z"}
{"level":"info","message":"Mapped {/auth/login, POST} route, RouterExplorer","timestamp":"2021-08-04T04:25:59.883Z"}
{"level":"info","message":"Mapped {/regist, POST} route, RouterExplorer","timestamp":"2021-08-04T04:25:59.885Z"}
{"level":"info","message":"Mapped {/login-info, GET} route, RouterExplorer","timestamp":"2021-08-04T04:25:59.888Z"}
{"level":"info","message":"Nest application successfully started, NestApplication","timestamp":"2021-08-04T04:25:59.898Z"}
{"level":"info","message":"AppController {}:, RoutesResolver","timestamp":"2021-08-04T04:31:34.050Z"}
{"level":"info","message":"Mapped {/auth/login, POST} route, RouterExplorer","timestamp":"2021-08-04T04:31:34.056Z"}
{"level":"info","message":"Mapped {/regist, POST} route, RouterExplorer","timestamp":"2021-08-04T04:31:34.059Z"}
{"level":"info","message":"Mapped {/login-info, GET} route, RouterExplorer","timestamp":"2021-08-04T04:31:34.063Z"}
{"level":"info","message":"Nest application successfully started, NestApplication","timestamp":"2021-08-04T04:31:34.071Z"}
{"level":"info","message":"AppController {}:, RoutesResolver","timestamp":"2021-08-04T04:32:16.813Z"}
{"level":"info","message":"Mapped {/auth/login, POST} route, RouterExplorer","timestamp":"2021-08-04T04:32:16.819Z"}
{"level":"info","message":"Mapped {/regist, POST} route, RouterExplorer","timestamp":"2021-08-04T04:32:16.821Z"}
{"level":"info","message":"Mapped {/login-info, GET} route, RouterExplorer","timestamp":"2021-08-04T04:32:16.824Z"}
{"level":"info","message":"Nest application successfully started, NestApplication","timestamp":"2021-08-04T04:32:16.832Z"}
{"level":"info","message":"AppController {}:, RoutesResolver","timestamp":"2021-08-04T04:33:48.138Z"}
{"level":"info","message":"Mapped {/auth/login, POST} route, RouterExplorer","timestamp":"2021-08-04T04:33:48.145Z"}
{"level":"info","message":"Mapped {/regist, POST} route, RouterExplorer","timestamp":"2021-08-04T04:33:48.147Z"}
{"level":"info","message":"Mapped {/login-info, GET} route, RouterExplorer","timestamp":"2021-08-04T04:33:48.149Z"}
{"level":"info","message":"Nest application successfully started, NestApplication","timestamp":"2021-08-04T04:33:48.156Z"}
{"level":"info","message":"AppController {}:, RoutesResolver","timestamp":"2021-08-04T04:33:57.475Z"}
{"level":"info","message":"Mapped {/auth/login, POST} route, RouterExplorer","timestamp":"2021-08-04T04:33:57.481Z"}
{"level":"info","message":"Mapped {/regist, POST} route, RouterExplorer","timestamp":"2021-08-04T04:33:57.482Z"}
{"level":"info","message":"Mapped {/login-info, GET} route, RouterExplorer","timestamp":"2021-08-04T04:33:57.484Z"}
{"level":"info","message":"Nest application successfully started, NestApplication","timestamp":"2021-08-04T04:33:57.492Z"}
{"level":"info","message":"AppController {}:, RoutesResolver","timestamp":"2021-08-04T04:34:37.683Z"}
{"level":"info","message":"Mapped {/auth/login, POST} route, RouterExplorer","timestamp":"2021-08-04T04:34:37.689Z"}
{"level":"info","message":"Mapped {/regist, POST} route, RouterExplorer","timestamp":"2021-08-04T04:34:37.690Z"}
{"level":"info","message":"Mapped {/login-info, GET} route, RouterExplorer","timestamp":"2021-08-04T04:34:37.693Z"}
{"level":"info","message":"Nest application successfully started, NestApplication","timestamp":"2021-08-04T04:34:37.701Z"}
{"level":"info","message":"AppController {}:, RoutesResolver","timestamp":"2021-08-04T04:36:14.913Z"}
{"level":"info","message":"Mapped {/auth/login, POST} route, RouterExplorer","timestamp":"2021-08-04T04:36:14.920Z"}
{"level":"info","message":"Mapped {/regist, POST} route, RouterExplorer","timestamp":"2021-08-04T04:36:14.921Z"}
{"level":"info","message":"Mapped {/login-info, GET} route, RouterExplorer","timestamp":"2021-08-04T04:36:14.924Z"}
{"level":"info","message":"Nest application successfully started, NestApplication","timestamp":"2021-08-04T04:36:14.932Z"}
{"level":"info","message":"AppController {}:, RoutesResolver","timestamp":"2021-08-04T04:36:16.458Z"}
{"level":"info","message":"Mapped {/auth/login, POST} route, RouterExplorer","timestamp":"2021-08-04T04:36:16.464Z"}
{"level":"info","message":"Mapped {/regist, POST} route, RouterExplorer","timestamp":"2021-08-04T04:36:16.466Z"}
{"level":"info","message":"Mapped {/login-info, GET} route, RouterExplorer","timestamp":"2021-08-04T04:36:16.469Z"}
{"level":"info","message":"Nest application successfully started, NestApplication","timestamp":"2021-08-04T04:36:16.478Z"}
{"level":"info","message":"AppController {}:, RoutesResolver","timestamp":"2021-08-04T04:36:22.164Z"}
{"level":"info","message":"Mapped {/auth/login, POST} route, RouterExplorer","timestamp":"2021-08-04T04:36:22.169Z"}
{"level":"info","message":"Mapped {/regist, POST} route, RouterExplorer","timestamp":"2021-08-04T04:36:22.171Z"}
{"level":"info","message":"Mapped {/login-info, GET} route, RouterExplorer","timestamp":"2021-08-04T04:36:22.173Z"}
{"level":"info","message":"StockController {/stock}:, RoutesResolver","timestamp":"2021-08-04T04:36:22.174Z"}
{"level":"info","message":"Nest application successfully started, NestApplication","timestamp":"2021-08-04T04:36:22.189Z"}
{"level":"info","message":"AppController {}:, RoutesResolver","timestamp":"2021-08-04T04:36:24.137Z"}
{"level":"info","message":"Mapped {/auth/login, POST} route, RouterExplorer","timestamp":"2021-08-04T04:36:24.143Z"}
{"level":"info","message":"Mapped {/regist, POST} route, RouterExplorer","timestamp":"2021-08-04T04:36:24.145Z"}
{"level":"info","message":"Mapped {/login-info, GET} route, RouterExplorer","timestamp":"2021-08-04T04:36:24.147Z"}
{"level":"info","message":"StockController {/stock}:, RoutesResolver","timestamp":"2021-08-04T04:36:24.147Z"}
{"level":"info","message":"Nest application successfully started, NestApplication","timestamp":"2021-08-04T04:36:24.155Z"}
{"level":"info","message":"AppController {}:, RoutesResolver","timestamp":"2021-08-04T04:36:29.792Z"}
{"level":"info","message":"Mapped {/auth/login, POST} route, RouterExplorer","timestamp":"2021-08-04T04:36:29.798Z"}
{"level":"info","message":"Mapped {/regist, POST} route, RouterExplorer","timestamp":"2021-08-04T04:36:29.800Z"}
{"level":"info","message":"Mapped {/login-info, GET} route, RouterExplorer","timestamp":"2021-08-04T04:36:29.803Z"}
{"level":"info","message":"StockController {/stock}:, RoutesResolver","timestamp":"2021-08-04T04:36:29.804Z"}
{"level":"info","message":"Nest application successfully started, NestApplication","timestamp":"2021-08-04T04:36:29.813Z"}
{"level":"info","message":"AppController {}:, RoutesResolver","timestamp":"2021-08-04T04:36:31.991Z"}
{"level":"info","message":"Mapped {/auth/login, POST} route, RouterExplorer","timestamp":"2021-08-04T04:36:32.001Z"}
{"level":"info","message":"Mapped {/regist, POST} route, RouterExplorer","timestamp":"2021-08-04T04:36:32.005Z"}
{"level":"info","message":"Mapped {/login-info, GET} route, RouterExplorer","timestamp":"2021-08-04T04:36:32.008Z"}
{"level":"info","message":"StockController {/stock}:, RoutesResolver","timestamp":"2021-08-04T04:36:32.009Z"}
{"level":"info","message":"Nest application successfully started, NestApplication","timestamp":"2021-08-04T04:36:32.019Z"}
{"level":"info","message":"AppController {}:, RoutesResolver","timestamp":"2021-08-04T04:36:43.480Z"}
{"level":"info","message":"Mapped {/auth/login, POST} route, RouterExplorer","timestamp":"2021-08-04T04:36:43.487Z"}
{"level":"info","message":"Mapped {/regist, POST} route, RouterExplorer","timestamp":"2021-08-04T04:36:43.490Z"}
{"level":"info","message":"Mapped {/login-info, GET} route, RouterExplorer","timestamp":"2021-08-04T04:36:43.493Z"}
{"level":"info","message":"StockController {/stock}:, RoutesResolver","timestamp":"2021-08-04T04:36:43.494Z"}
{"level":"info","message":"Nest application successfully started, NestApplication","timestamp":"2021-08-04T04:36:43.502Z"}
{"level":"info","message":"AppController {}:, RoutesResolver","timestamp":"2021-08-04T04:39:47.618Z"}
{"level":"info","message":"Mapped {/auth/login, POST} route, RouterExplorer","timestamp":"2021-08-04T04:39:47.624Z"}
{"level":"info","message":"Mapped {/regist, POST} route, RouterExplorer","timestamp":"2021-08-04T04:39:47.625Z"}
{"level":"info","message":"Mapped {/login-info, GET} route, RouterExplorer","timestamp":"2021-08-04T04:39:47.628Z"}
{"level":"info","message":"StockController {/stock}:, RoutesResolver","timestamp":"2021-08-04T04:39:47.629Z"}
{"level":"info","message":"Nest application successfully started, NestApplication","timestamp":"2021-08-04T04:39:47.639Z"}
{"level":"info","message":"AppController {}:, RoutesResolver","timestamp":"2021-08-04T04:42:31.895Z"}
{"level":"info","message":"Mapped {/auth/login, POST} route, RouterExplorer","timestamp":"2021-08-04T04:42:31.901Z"}
{"level":"info","message":"Mapped {/regist, POST} route, RouterExplorer","timestamp":"2021-08-04T04:42:31.902Z"}
{"level":"info","message":"Mapped {/login-info, GET} route, RouterExplorer","timestamp":"2021-08-04T04:42:31.904Z"}
{"level":"info","message":"StockController {/stock}:, RoutesResolver","timestamp":"2021-08-04T04:42:31.905Z"}
{"level":"info","message":"Nest application successfully started, NestApplication","timestamp":"2021-08-04T04:42:31.913Z"}
{"level":"info","message":"AppController {}:, RoutesResolver","timestamp":"2021-08-04T04:42:54.264Z"}
{"level":"info","message":"Mapped {/auth/login, POST} route, RouterExplorer","timestamp":"2021-08-04T04:42:54.270Z"}
{"level":"info","message":"Mapped {/regist, POST} route, RouterExplorer","timestamp":"2021-08-04T04:42:54.271Z"}
{"level":"info","message":"Mapped {/login-info, GET} route, RouterExplorer","timestamp":"2021-08-04T04:42:54.273Z"}
{"level":"info","message":"StockController {/stock}:, RoutesResolver","timestamp":"2021-08-04T04:42:54.274Z"}
{"level":"info","message":"Nest application successfully started, NestApplication","timestamp":"2021-08-04T04:42:54.282Z"}
{"level":"info","message":"AppController {}:, RoutesResolver","timestamp":"2021-08-04T04:43:49.915Z"}
{"level":"info","message":"Mapped {/auth/login, POST} route, RouterExplorer","timestamp":"2021-08-04T04:43:49.922Z"}
{"level":"info","message":"Mapped {/regist, POST} route, RouterExplorer","timestamp":"2021-08-04T04:43:49.923Z"}
{"level":"info","message":"Mapped {/login-info, GET} route, RouterExplorer","timestamp":"2021-08-04T04:43:49.926Z"}
{"level":"info","message":"StockController {/stock}:, RoutesResolver","timestamp":"2021-08-04T04:43:49.926Z"}
{"level":"info","message":"Nest application successfully started, NestApplication","timestamp":"2021-08-04T04:43:49.936Z"}
{"level":"info","message":"AppController {}:, RoutesResolver","timestamp":"2021-08-04T04:44:02.745Z"}
{"level":"info","message":"Mapped {/auth/login, POST} route, RouterExplorer","timestamp":"2021-08-04T04:44:02.751Z"}
{"level":"info","message":"Mapped {/regist, POST} route, RouterExplorer","timestamp":"2021-08-04T04:44:02.753Z"}
{"level":"info","message":"Mapped {/login-info, GET} route, RouterExplorer","timestamp":"2021-08-04T04:44:02.756Z"}
{"level":"info","message":"StockController {/stock}:, RoutesResolver","timestamp":"2021-08-04T04:44:02.756Z"}
{"level":"info","message":"Nest application successfully started, NestApplication","timestamp":"2021-08-04T04:44:02.765Z"}
{"level":"info","message":"AppController {}:, RoutesResolver","timestamp":"2021-08-04T04:44:17.737Z"}
{"level":"info","message":"Mapped {/auth/login, POST} route, RouterExplorer","timestamp":"2021-08-04T04:44:17.743Z"}
{"level":"info","message":"Mapped {/regist, POST} route, RouterExplorer","timestamp":"2021-08-04T04:44:17.744Z"}
{"level":"info","message":"Mapped {/login-info, GET} route, RouterExplorer","timestamp":"2021-08-04T04:44:17.747Z"}
{"level":"info","message":"StockController {/stock}:, RoutesResolver","timestamp":"2021-08-04T04:44:17.747Z"}
{"level":"info","message":"Nest application successfully started, NestApplication","timestamp":"2021-08-04T04:44:17.755Z"}
{"level":"info","message":"AppController {}:, RoutesResolver","timestamp":"2021-08-04T04:44:25.929Z"}
{"level":"info","message":"Mapped {/auth/login, POST} route, RouterExplorer","timestamp":"2021-08-04T04:44:25.934Z"}
{"level":"info","message":"Mapped {/regist, POST} route, RouterExplorer","timestamp":"2021-08-04T04:44:25.936Z"}
{"level":"info","message":"Mapped {/login-info, GET} route, RouterExplorer","timestamp":"2021-08-04T04:44:25.938Z"}
{"level":"info","message":"StockController {/stock}:, RoutesResolver","timestamp":"2021-08-04T04:44:25.938Z"}
{"level":"info","message":"Nest application successfully started, NestApplication","timestamp":"2021-08-04T04:44:25.951Z"}
{"level":"info","message":"AppController {}:, RoutesResolver","timestamp":"2021-08-04T04:44:38.466Z"}
{"level":"info","message":"Mapped {/auth/login, POST} route, RouterExplorer","timestamp":"2021-08-04T04:44:38.473Z"}
{"level":"info","message":"Mapped {/regist, POST} route, RouterExplorer","timestamp":"2021-08-04T04:44:38.474Z"}
{"level":"info","message":"Mapped {/login-info, GET} route, RouterExplorer","timestamp":"2021-08-04T04:44:38.477Z"}
{"level":"info","message":"StockController {/stock}:, RoutesResolver","timestamp":"2021-08-04T04:44:38.477Z"}
{"level":"info","message":"Nest application successfully started, NestApplication","timestamp":"2021-08-04T04:44:38.486Z"}
{"level":"info","message":"AppController {}:, RoutesResolver","timestamp":"2021-08-04T04:45:17.109Z"}
{"level":"info","message":"Mapped {/auth/login, POST} route, RouterExplorer","timestamp":"2021-08-04T04:45:17.114Z"}
{"level":"info","message":"Mapped {/regist, POST} route, RouterExplorer","timestamp":"2021-08-04T04:45:17.115Z"}
{"level":"info","message":"Mapped {/login-info, GET} route, RouterExplorer","timestamp":"2021-08-04T04:45:17.119Z"}
{"level":"info","message":"StockController {/stock}:, RoutesResolver","timestamp":"2021-08-04T04:45:17.119Z"}
{"level":"info","message":"Nest application successfully started, NestApplication","timestamp":"2021-08-04T04:45:17.128Z"}
{"level":"info","message":"AppController {}:, RoutesResolver","timestamp":"2021-08-04T04:45:44.809Z"}
{"level":"info","message":"Mapped {/auth/login, POST} route, RouterExplorer","timestamp":"2021-08-04T04:45:44.816Z"}
{"level":"info","message":"Mapped {/regist, POST} route, RouterExplorer","timestamp":"2021-08-04T04:45:44.818Z"}
{"level":"info","message":"Mapped {/login-info, GET} route, RouterExplorer","timestamp":"2021-08-04T04:45:44.820Z"}
{"level":"info","message":"StockController {/stock}:, RoutesResolver","timestamp":"2021-08-04T04:45:44.821Z"}
{"level":"info","message":"Nest application successfully started, NestApplication","timestamp":"2021-08-04T04:45:44.831Z"}
{"level":"info","message":"AppController {}:, RoutesResolver","timestamp":"2021-08-04T04:45:58.044Z"}
{"level":"info","message":"Mapped {/auth/login, POST} route, RouterExplorer","timestamp":"2021-08-04T04:45:58.051Z"}
{"level":"info","message":"Mapped {/regist, POST} route, RouterExplorer","timestamp":"2021-08-04T04:45:58.052Z"}
{"level":"info","message":"Mapped {/login-info, GET} route, RouterExplorer","timestamp":"2021-08-04T04:45:58.055Z"}
{"level":"info","message":"StockController {/stock}:, RoutesResolver","timestamp":"2021-08-04T04:45:58.056Z"}
{"level":"info","message":"Nest application successfully started, NestApplication","timestamp":"2021-08-04T04:45:58.066Z"}
{"level":"info","message":"AppController {}:, RoutesResolver","timestamp":"2021-08-04T04:46:34.797Z"}
{"level":"info","message":"Mapped {/auth/login, POST} route, RouterExplorer","timestamp":"2021-08-04T04:46:34.804Z"}
{"level":"info","message":"Mapped {/regist, POST} route, RouterExplorer","timestamp":"2021-08-04T04:46:34.805Z"}
{"level":"info","message":"Mapped {/login-info, GET} route, RouterExplorer","timestamp":"2021-08-04T04:46:34.809Z"}
{"level":"info","message":"StockController {/stock}:, RoutesResolver","timestamp":"2021-08-04T04:46:34.810Z"}
{"level":"info","message":"Nest application successfully started, NestApplication","timestamp":"2021-08-04T04:46:34.821Z"}
{"level":"info","message":"AppController {}:, RoutesResolver","timestamp":"2021-08-04T04:47:56.197Z"}
{"level":"info","message":"Mapped {/auth/login, POST} route, RouterExplorer","timestamp":"2021-08-04T04:47:56.203Z"}
{"level":"info","message":"Mapped {/regist, POST} route, RouterExplorer","timestamp":"2021-08-04T04:47:56.204Z"}
{"level":"info","message":"Mapped {/login-info, GET} route, RouterExplorer","timestamp":"2021-08-04T04:47:56.207Z"}
{"level":"info","message":"StockController {/stock}:, RoutesResolver","timestamp":"2021-08-04T04:47:56.207Z"}
{"level":"info","message":"Nest application successfully started, NestApplication","timestamp":"2021-08-04T04:47:56.215Z"}
{"level":"info","message":"AppController {}:, RoutesResolver","timestamp":"2021-08-04T04:48:40.344Z"}
{"level":"info","message":"Mapped {/auth/login, POST} route, RouterExplorer","timestamp":"2021-08-04T04:48:40.351Z"}
{"level":"info","message":"Mapped {/regist, POST} route, RouterExplorer","timestamp":"2021-08-04T04:48:40.353Z"}
{"level":"info","message":"Mapped {/login-info, GET} route, RouterExplorer","timestamp":"2021-08-04T04:48:40.356Z"}
{"level":"info","message":"StockController {/stock}:, RoutesResolver","timestamp":"2021-08-04T04:48:40.356Z"}
{"level":"info","message":"Nest application successfully started, NestApplication","timestamp":"2021-08-04T04:48:40.368Z"}
{"level":"info","message":"AppController {}:, RoutesResolver","timestamp":"2021-08-04T05:15:27.204Z"}
{"level":"info","message":"Mapped {/auth/login, POST} route, RouterExplorer","timestamp":"2021-08-04T05:15:27.209Z"}
{"level":"info","message":"Mapped {/regist, POST} route, RouterExplorer","timestamp":"2021-08-04T05:15:27.210Z"}
{"level":"info","message":"Mapped {/login-info, GET} route, RouterExplorer","timestamp":"2021-08-04T05:15:27.212Z"}
{"level":"info","message":"StockController {/stock}:, RoutesResolver","timestamp":"2021-08-04T05:15:27.213Z"}
{"level":"info","message":"Mapped {/stock, GET} route, RouterExplorer","timestamp":"2021-08-04T05:15:27.215Z"}
{"level":"info","message":"Nest application successfully started, NestApplication","timestamp":"2021-08-04T05:15:27.223Z"}
{"level":"info","message":"AppController {}:, RoutesResolver","timestamp":"2021-08-04T05:16:20.482Z"}
{"level":"info","message":"Mapped {/auth/login, POST} route, RouterExplorer","timestamp":"2021-08-04T05:16:20.488Z"}
{"level":"info","message":"Mapped {/regist, POST} route, RouterExplorer","timestamp":"2021-08-04T05:16:20.490Z"}
{"level":"info","message":"Mapped {/login-info, GET} route, RouterExplorer","timestamp":"2021-08-04T05:16:20.492Z"}
{"level":"info","message":"StockController {/stock}:, RoutesResolver","timestamp":"2021-08-04T05:16:20.493Z"}
{"level":"info","message":"Mapped {/stock, GET} route, RouterExplorer","timestamp":"2021-08-04T05:16:20.496Z"}
{"level":"info","message":"Nest application successfully started, NestApplication","timestamp":"2021-08-04T05:16:20.507Z"}
{"level":"info","message":"AppController {}:, RoutesResolver","timestamp":"2021-08-04T05:17:47.493Z"}
{"level":"info","message":"Mapped {/auth/login, POST} route, RouterExplorer","timestamp":"2021-08-04T05:17:47.499Z"}
{"level":"info","message":"Mapped {/regist, POST} route, RouterExplorer","timestamp":"2021-08-04T05:17:47.500Z"}
{"level":"info","message":"Mapped {/login-info, GET} route, RouterExplorer","timestamp":"2021-08-04T05:17:47.502Z"}
{"level":"info","message":"StockController {/stock}:, RoutesResolver","timestamp":"2021-08-04T05:17:47.502Z"}
{"level":"info","message":"Mapped {/stock, GET} route, RouterExplorer","timestamp":"2021-08-04T05:17:47.505Z"}
{"level":"info","message":"Nest application successfully started, NestApplication","timestamp":"2021-08-04T05:17:47.514Z"}
{"level":"info","message":"AppController {}:, RoutesResolver","timestamp":"2021-08-04T05:18:02.351Z"}
{"level":"info","message":"Mapped {/auth/login, POST} route, RouterExplorer","timestamp":"2021-08-04T05:18:02.358Z"}
{"level":"info","message":"Mapped {/regist, POST} route, RouterExplorer","timestamp":"2021-08-04T05:18:02.360Z"}
{"level":"info","message":"Mapped {/login-info, GET} route, RouterExplorer","timestamp":"2021-08-04T05:18:02.363Z"}
{"level":"info","message":"StockController {/stock}:, RoutesResolver","timestamp":"2021-08-04T05:18:02.363Z"}
{"level":"info","message":"Mapped {/stock, GET} route, RouterExplorer","timestamp":"2021-08-04T05:18:02.366Z"}
{"level":"info","message":"Nest application successfully started, NestApplication","timestamp":"2021-08-04T05:18:02.375Z"}
{"level":"info","message":"AppController {}:, RoutesResolver","timestamp":"2021-08-04T05:18:58.662Z"}
{"level":"info","message":"Mapped {/auth/login, POST} route, RouterExplorer","timestamp":"2021-08-04T05:18:58.667Z"}
{"level":"info","message":"Mapped {/regist, POST} route, RouterExplorer","timestamp":"2021-08-04T05:18:58.669Z"}
{"level":"info","message":"Mapped {/login-info, GET} route, RouterExplorer","timestamp":"2021-08-04T05:18:58.671Z"}
{"level":"info","message":"StockController {/stock}:, RoutesResolver","timestamp":"2021-08-04T05:18:58.671Z"}
{"level":"info","message":"Mapped {/stock, GET} route, RouterExplorer","timestamp":"2021-08-04T05:18:58.673Z"}
{"level":"info","message":"Nest application successfully started, NestApplication","timestamp":"2021-08-04T05:18:58.684Z"}
{"level":"info","message":"AppController {}:, RoutesResolver","timestamp":"2021-08-04T05:19:33.801Z"}
{"level":"info","message":"Mapped {/auth/login, POST} route, RouterExplorer","timestamp":"2021-08-04T05:19:33.807Z"}
{"level":"info","message":"Mapped {/regist, POST} route, RouterExplorer","timestamp":"2021-08-04T05:19:33.808Z"}
{"level":"info","message":"Mapped {/login-info, GET} route, RouterExplorer","timestamp":"2021-08-04T05:19:33.810Z"}
{"level":"info","message":"StockController {/stock}:, RoutesResolver","timestamp":"2021-08-04T05:19:33.810Z"}
{"level":"info","message":"Mapped {/stock, GET} route, RouterExplorer","timestamp":"2021-08-04T05:19:33.812Z"}
{"level":"info","message":"Nest application successfully started, NestApplication","timestamp":"2021-08-04T05:19:33.824Z"}
{"level":"info","message":"AppController {}:, RoutesResolver","timestamp":"2021-08-04T05:19:50.955Z"}
{"level":"info","message":"Mapped {/auth/login, POST} route, RouterExplorer","timestamp":"2021-08-04T05:19:50.964Z"}
{"level":"info","message":"Mapped {/regist, POST} route, RouterExplorer","timestamp":"2021-08-04T05:19:50.966Z"}
{"level":"info","message":"Mapped {/login-info, GET} route, RouterExplorer","timestamp":"2021-08-04T05:19:50.967Z"}
{"level":"info","message":"StockController {/stock}:, RoutesResolver","timestamp":"2021-08-04T05:19:50.968Z"}
{"level":"info","message":"Mapped {/stock, GET} route, RouterExplorer","timestamp":"2021-08-04T05:19:50.970Z"}
{"level":"info","message":"Nest application successfully started, NestApplication","timestamp":"2021-08-04T05:19:50.981Z"}
{"level":"info","message":"AppController {}:, RoutesResolver","timestamp":"2021-08-04T05:20:09.134Z"}
{"level":"info","message":"Mapped {/auth/login, POST} route, RouterExplorer","timestamp":"2021-08-04T05:20:09.141Z"}
{"level":"info","message":"Mapped {/regist, POST} route, RouterExplorer","timestamp":"2021-08-04T05:20:09.142Z"}
{"level":"info","message":"Mapped {/login-info, GET} route, RouterExplorer","timestamp":"2021-08-04T05:20:09.144Z"}
{"level":"info","message":"StockController {/stock}:, RoutesResolver","timestamp":"2021-08-04T05:20:09.144Z"}
{"level":"info","message":"Mapped {/stock, GET} route, RouterExplorer","timestamp":"2021-08-04T05:20:09.149Z"}
{"level":"info","message":"Nest application successfully started, NestApplication","timestamp":"2021-08-04T05:20:09.160Z"}
{"level":"info","message":"AppController {}:, RoutesResolver","timestamp":"2021-08-04T05:21:55.174Z"}
{"level":"info","message":"Mapped {/auth/login, POST} route, RouterExplorer","timestamp":"2021-08-04T05:21:55.180Z"}
{"level":"info","message":"Mapped {/regist, POST} route, RouterExplorer","timestamp":"2021-08-04T05:21:55.182Z"}
{"level":"info","message":"Mapped {/login-info, GET} route, RouterExplorer","timestamp":"2021-08-04T05:21:55.183Z"}
{"level":"info","message":"StockController {/stock}:, RoutesResolver","timestamp":"2021-08-04T05:21:55.184Z"}
{"level":"info","message":"Mapped {/stock, GET} route, RouterExplorer","timestamp":"2021-08-04T05:21:55.185Z"}
{"level":"info","message":"Nest application successfully started, NestApplication","timestamp":"2021-08-04T05:21:55.196Z"}
{"level":"info","message":"AppController {}:, RoutesResolver","timestamp":"2021-08-04T05:22:37.101Z"}
{"level":"info","message":"Mapped {/auth/login, POST} route, RouterExplorer","timestamp":"2021-08-04T05:22:37.110Z"}
{"level":"info","message":"Mapped {/regist, POST} route, RouterExplorer","timestamp":"2021-08-04T05:22:37.111Z"}
{"level":"info","message":"Mapped {/login-info, GET} route, RouterExplorer","timestamp":"2021-08-04T05:22:37.113Z"}
{"level":"info","message":"StockController {/stock}:, RoutesResolver","timestamp":"2021-08-04T05:22:37.113Z"}
{"level":"info","message":"Mapped {/stock, GET} route, RouterExplorer","timestamp":"2021-08-04T05:22:37.115Z"}
{"level":"info","message":"Nest application successfully started, NestApplication","timestamp":"2021-08-04T05:22:37.128Z"}
{"level":"info","message":"AppController {}:, RoutesResolver","timestamp":"2021-08-04T05:22:56.829Z"}
{"level":"info","message":"Mapped {/auth/login, POST} route, RouterExplorer","timestamp":"2021-08-04T05:22:56.836Z"}
{"level":"info","message":"Mapped {/regist, POST} route, RouterExplorer","timestamp":"2021-08-04T05:22:56.838Z"}
{"level":"info","message":"Mapped {/login-info, GET} route, RouterExplorer","timestamp":"2021-08-04T05:22:56.840Z"}
{"level":"info","message":"StockController {/stock}:, RoutesResolver","timestamp":"2021-08-04T05:22:56.841Z"}
{"level":"info","message":"Mapped {/stock, GET} route, RouterExplorer","timestamp":"2021-08-04T05:22:56.843Z"}
{"level":"info","message":"Nest application successfully started, NestApplication","timestamp":"2021-08-04T05:22:56.855Z"}
{"level":"info","message":"AppController {}:, RoutesResolver","timestamp":"2021-08-04T05:23:10.885Z"}
{"level":"info","message":"Mapped {/auth/login, POST} route, RouterExplorer","timestamp":"2021-08-04T05:23:10.891Z"}
{"level":"info","message":"Mapped {/regist, POST} route, RouterExplorer","timestamp":"2021-08-04T05:23:10.893Z"}
{"level":"info","message":"Mapped {/login-info, GET} route, RouterExplorer","timestamp":"2021-08-04T05:23:10.895Z"}
{"level":"info","message":"StockController {/stock}:, RoutesResolver","timestamp":"2021-08-04T05:23:10.895Z"}
{"level":"info","message":"Mapped {/stock, GET} route, RouterExplorer","timestamp":"2021-08-04T05:23:10.897Z"}
{"level":"info","message":"Nest application successfully started, NestApplication","timestamp":"2021-08-04T05:23:10.907Z"}
{"level":"info","message":"AppController {}:, RoutesResolver","timestamp":"2021-08-04T05:23:30.511Z"}
{"level":"info","message":"Mapped {/auth/login, POST} route, RouterExplorer","timestamp":"2021-08-04T05:23:30.516Z"}
{"level":"info","message":"Mapped {/regist, POST} route, RouterExplorer","timestamp":"2021-08-04T05:23:30.518Z"}
{"level":"info","message":"Mapped {/login-info, GET} route, RouterExplorer","timestamp":"2021-08-04T05:23:30.520Z"}
{"level":"info","message":"StockController {/stock}:, RoutesResolver","timestamp":"2021-08-04T05:23:30.520Z"}
{"level":"info","message":"Mapped {/stock, GET} route, RouterExplorer","timestamp":"2021-08-04T05:23:30.522Z"}
{"level":"info","message":"Nest application successfully started, NestApplication","timestamp":"2021-08-04T05:23:30.530Z"}
{"level":"info","message":"AppController {}:, RoutesResolver","timestamp":"2021-08-04T05:43:27.356Z"}
{"level":"info","message":"Mapped {/auth/login, POST} route, RouterExplorer","timestamp":"2021-08-04T05:43:27.361Z"}
{"level":"info","message":"Mapped {/regist, POST} route, RouterExplorer","timestamp":"2021-08-04T05:43:27.363Z"}
{"level":"info","message":"Mapped {/login-info, GET} route, RouterExplorer","timestamp":"2021-08-04T05:43:27.364Z"}
{"level":"info","message":"StockController {/stock}:, RoutesResolver","timestamp":"2021-08-04T05:43:27.365Z"}
{"level":"info","message":"Mapped {/stock, GET} route, RouterExplorer","timestamp":"2021-08-04T05:43:27.367Z"}
{"level":"info","message":"Nest application successfully started, NestApplication","timestamp":"2021-08-04T05:43:27.377Z"}
{"level":"info","message":"AppController {}:, RoutesResolver","timestamp":"2021-08-04T05:44:28.743Z"}
{"level":"info","message":"Mapped {/auth/login, POST} route, RouterExplorer","timestamp":"2021-08-04T05:44:28.749Z"}
{"level":"info","message":"Mapped {/regist, POST} route, RouterExplorer","timestamp":"2021-08-04T05:44:28.751Z"}
{"level":"info","message":"Mapped {/login-info, GET} route, RouterExplorer","timestamp":"2021-08-04T05:44:28.753Z"}
{"level":"info","message":"StockController {/stock}:, RoutesResolver","timestamp":"2021-08-04T05:44:28.753Z"}
{"level":"info","message":"Mapped {/stock, GET} route, RouterExplorer","timestamp":"2021-08-04T05:44:28.756Z"}
{"level":"info","message":"Nest application successfully started, NestApplication","timestamp":"2021-08-04T05:44:28.767Z"}
{"level":"info","message":"AppController {}:, RoutesResolver","timestamp":"2021-08-04T05:44:37.804Z"}
{"level":"info","message":"Mapped {/auth/login, POST} route, RouterExplorer","timestamp":"2021-08-04T05:44:37.810Z"}
{"level":"info","message":"Mapped {/regist, POST} route, RouterExplorer","timestamp":"2021-08-04T05:44:37.812Z"}
{"level":"info","message":"Mapped {/login-info, GET} route, RouterExplorer","timestamp":"2021-08-04T05:44:37.814Z"}
{"level":"info","message":"StockController {/stock}:, RoutesResolver","timestamp":"2021-08-04T05:44:37.815Z"}
{"level":"info","message":"Mapped {/stock, GET} route, RouterExplorer","timestamp":"2021-08-04T05:44:37.816Z"}
{"level":"info","message":"Nest application successfully started, NestApplication","timestamp":"2021-08-04T05:44:37.824Z"}
{"level":"info","message":"AppController {}:, RoutesResolver","timestamp":"2021-08-04T06:13:46.585Z"}
{"level":"info","message":"Mapped {/auth/login, POST} route, RouterExplorer","timestamp":"2021-08-04T06:13:46.590Z"}
{"level":"info","message":"Mapped {/regist, POST} route, RouterExplorer","timestamp":"2021-08-04T06:13:46.592Z"}
{"level":"info","message":"Mapped {/login-info, GET} route, RouterExplorer","timestamp":"2021-08-04T06:13:46.593Z"}
{"level":"info","message":"StockController {/stock}:, RoutesResolver","timestamp":"2021-08-04T06:13:46.594Z"}
{"level":"info","message":"Mapped {/stock, GET} route, RouterExplorer","timestamp":"2021-08-04T06:13:46.595Z"}
{"level":"info","message":"Nest application successfully started, NestApplication","timestamp":"2021-08-04T06:13:46.606Z"}
{"level":"info","message":"AppController {}:, RoutesResolver","timestamp":"2021-08-04T06:28:40.888Z"}
{"level":"info","message":"Mapped {/auth/login, POST} route, RouterExplorer","timestamp":"2021-08-04T06:28:40.894Z"}
{"level":"info","message":"Mapped {/regist, POST} route, RouterExplorer","timestamp":"2021-08-04T06:28:40.895Z"}
{"level":"info","message":"Mapped {/login-info, GET} route, RouterExplorer","timestamp":"2021-08-04T06:28:40.897Z"}
{"level":"info","message":"StockController {/stock}:, RoutesResolver","timestamp":"2021-08-04T06:28:40.897Z"}
{"level":"info","message":"Mapped {/stock, GET} route, RouterExplorer","timestamp":"2021-08-04T06:28:40.899Z"}
{"level":"info","message":"Nest application successfully started, NestApplication","timestamp":"2021-08-04T06:28:40.912Z"}
{"level":"info","message":"AppController {}:, RoutesResolver","timestamp":"2021-08-04T06:28:45.958Z"}
{"level":"info","message":"Mapped {/auth/login, POST} route, RouterExplorer","timestamp":"2021-08-04T06:28:45.964Z"}
{"level":"info","message":"Mapped {/regist, POST} route, RouterExplorer","timestamp":"2021-08-04T06:28:45.965Z"}
{"level":"info","message":"Mapped {/login-info, GET} route, RouterExplorer","timestamp":"2021-08-04T06:28:45.967Z"}
{"level":"info","message":"StockController {/stock}:, RoutesResolver","timestamp":"2021-08-04T06:28:45.968Z"}
{"level":"info","message":"Mapped {/stock, GET} route, RouterExplorer","timestamp":"2021-08-04T06:28:45.969Z"}
{"level":"info","message":"Nest application successfully started, NestApplication","timestamp":"2021-08-04T06:28:45.980Z"}
{"level":"info","message":"AppController {}:, RoutesResolver","timestamp":"2021-08-04T06:29:20.450Z"}
{"level":"info","message":"Mapped {/auth/login, POST} route, RouterExplorer","timestamp":"2021-08-04T06:29:20.456Z"}
{"level":"info","message":"Mapped {/regist, POST} route, RouterExplorer","timestamp":"2021-08-04T06:29:20.458Z"}
{"level":"info","message":"Mapped {/login-info, GET} route, RouterExplorer","timestamp":"2021-08-04T06:29:20.459Z"}
{"level":"info","message":"StockController {/stock}:, RoutesResolver","timestamp":"2021-08-04T06:29:20.459Z"}
{"level":"info","message":"Mapped {/stock, GET} route, RouterExplorer","timestamp":"2021-08-04T06:29:20.461Z"}
{"level":"info","message":"Nest application successfully started, NestApplication","timestamp":"2021-08-04T06:29:20.472Z"}
{"level":"info","message":"AppController {}:, RoutesResolver","timestamp":"2021-08-04T06:29:23.028Z"}
{"level":"info","message":"Mapped {/auth/login, POST} route, RouterExplorer","timestamp":"2021-08-04T06:29:23.034Z"}
{"level":"info","message":"Mapped {/regist, POST} route, RouterExplorer","timestamp":"2021-08-04T06:29:23.035Z"}
{"level":"info","message":"Mapped {/login-info, GET} route, RouterExplorer","timestamp":"2021-08-04T06:29:23.037Z"}
{"level":"info","message":"StockController {/stock}:, RoutesResolver","timestamp":"2021-08-04T06:29:23.037Z"}
{"level":"info","message":"Mapped {/stock, GET} route, RouterExplorer","timestamp":"2021-08-04T06:29:23.039Z"}
{"level":"info","message":"Nest application successfully started, NestApplication","timestamp":"2021-08-04T06:29:23.049Z"}
{"level":"info","message":"AppController {}:, RoutesResolver","timestamp":"2021-08-04T06:29:37.454Z"}
{"level":"info","message":"Mapped {/auth/login, POST} route, RouterExplorer","timestamp":"2021-08-04T06:29:37.460Z"}
{"level":"info","message":"Mapped {/regist, POST} route, RouterExplorer","timestamp":"2021-08-04T06:29:37.461Z"}
{"level":"info","message":"Mapped {/login-info, GET} route, RouterExplorer","timestamp":"2021-08-04T06:29:37.463Z"}
{"level":"info","message":"StockController {/stock}:, RoutesResolver","timestamp":"2021-08-04T06:29:37.464Z"}
{"level":"info","message":"Mapped {/stock, GET} route, RouterExplorer","timestamp":"2021-08-04T06:29:37.465Z"}
{"level":"info","message":"Nest application successfully started, NestApplication","timestamp":"2021-08-04T06:29:37.475Z"}
{"level":"info","message":"AppController {}:, RoutesResolver","timestamp":"2021-08-04T06:30:18.484Z"}
{"level":"info","message":"Mapped {/auth/login, POST} route, RouterExplorer","timestamp":"2021-08-04T06:30:18.497Z"}
{"level":"info","message":"Mapped {/regist, POST} route, RouterExplorer","timestamp":"2021-08-04T06:30:18.500Z"}
{"level":"info","message":"Mapped {/login-info, GET} route, RouterExplorer","timestamp":"2021-08-04T06:30:18.502Z"}
{"level":"info","message":"StockController {/stock}:, RoutesResolver","timestamp":"2021-08-04T06:30:18.503Z"}
{"level":"info","message":"Mapped {/stock, GET} route, RouterExplorer","timestamp":"2021-08-04T06:30:18.507Z"}
{"level":"info","message":"Nest application successfully started, NestApplication","timestamp":"2021-08-04T06:30:18.535Z"}
{"level":"info","message":"AppController {}:, RoutesResolver","timestamp":"2021-08-04T06:44:36.717Z"}
{"level":"info","message":"Mapped {/auth/login, POST} route, RouterExplorer","timestamp":"2021-08-04T06:44:36.726Z"}
{"level":"info","message":"Mapped {/regist, POST} route, RouterExplorer","timestamp":"2021-08-04T06:44:36.727Z"}
{"level":"info","message":"Mapped {/login-info, GET} route, RouterExplorer","timestamp":"2021-08-04T06:44:36.729Z"}
{"level":"info","message":"StockController {/stock}:, RoutesResolver","timestamp":"2021-08-04T06:44:36.730Z"}
{"level":"info","message":"Mapped {/stock, GET} route, RouterExplorer","timestamp":"2021-08-04T06:44:36.732Z"}
{"level":"info","message":"Nest application successfully started, NestApplication","timestamp":"2021-08-04T06:44:36.745Z"}
